

***********************************************************************
Fatal NI connect error 12541, connecting to:
 (DESCRIPTION=(CONNECT_DATA=(SERVICE_NAME=BRAT)(CID=(PROGRAM=python2.7)(HOST=DJANGO)(USER=root)))(ADDRESS=(PROTOCOL=TCP)(HOST=130.147.192.82)(PORT=1522)))

  VERSION INFORMATION:
	TNS for Linux: Version 10.2.0.5.0 - Production
	TCP/IP NT Protocol Adapter for Linux: Version 10.2.0.5.0 - Production
  Time: 08-APR-2015 08:56:44
  Tracing not turned on.
  Tns error struct:
    ns main err code: 12541
    TNS-12541: Message 12541 not found; No message file for product=network, facility=TNS
    ns secondary err code: 12560
    nt main err code: 511
    TNS-00511: Message 511 not found; No message file for product=network, facility=TNS
    nt secondary err code: 111
    nt OS err code: 0


***********************************************************************
Fatal NI connect error 12541, connecting to:
 (DESCRIPTION=(CONNECT_DATA=(SERVICE_NAME=BRAT)(CID=(PROGRAM=python2.7)(HOST=DJANGO)(USER=root)))(ADDRESS=(PROTOCOL=TCP)(HOST=130.147.192.82)(PORT=1522)))

  VERSION INFORMATION:
	TNS for Linux: Version 10.2.0.5.0 - Production
	TCP/IP NT Protocol Adapter for Linux: Version 10.2.0.5.0 - Production
  Time: 08-APR-2015 08:57:35
  Tracing not turned on.
  Tns error struct:
    ns main err code: 12541
    TNS-12541: Message 12541 not found; No message file for product=network, facility=TNS
    ns secondary err code: 12560
    nt main err code: 511
    TNS-00511: Message 511 not found; No message file for product=network, facility=TNS
    nt secondary err code: 111
    nt OS err code: 0


***********************************************************************
Fatal NI connect error 12541, connecting to:
 (DESCRIPTION=(CONNECT_DATA=(SERVICE_NAME=BRAT)(CID=(PROGRAM=python2.7)(HOST=DJANGO)(USER=root)))(ADDRESS=(PROTOCOL=TCP)(HOST=130.147.192.82)(PORT=1522)))

  VERSION INFORMATION:
	TNS for Linux: Version 10.2.0.5.0 - Production
	TCP/IP NT Protocol Adapter for Linux: Version 10.2.0.5.0 - Production
  Time: 08-APR-2015 09:08:48
  Tracing not turned on.
  Tns error struct:
    ns main err code: 12541
    TNS-12541: Message 12541 not found; No message file for product=network, facility=TNS
    ns secondary err code: 12560
    nt main err code: 511
    TNS-00511: Message 511 not found; No message file for product=network, facility=TNS
    nt secondary err code: 111
    nt OS err code: 0


***********************************************************************
Fatal NI connect error 12541, connecting to:
 (DESCRIPTION=(CONNECT_DATA=(SERVICE_NAME=BRAT)(CID=(PROGRAM=python2.7)(HOST=DJANGO)(USER=root)))(ADDRESS=(PROTOCOL=TCP)(HOST=130.147.192.82)(PORT=1522)))

  VERSION INFORMATION:
	TNS for Linux: Version 10.2.0.5.0 - Production
	TCP/IP NT Protocol Adapter for Linux: Version 10.2.0.5.0 - Production
  Time: 08-APR-2015 09:09:35
  Tracing not turned on.
  Tns error struct:
    ns main err code: 12541
    TNS-12541: Message 12541 not found; No message file for product=network, facility=TNS
    ns secondary err code: 12560
    nt main err code: 511
    TNS-00511: Message 511 not found; No message file for product=network, facility=TNS
    nt secondary err code: 111
    nt OS err code: 0


***********************************************************************
Fatal NI connect error 12541, connecting to:
 (DESCRIPTION=(CONNECT_DATA=(SERVICE_NAME=BRAT)(CID=(PROGRAM=python2.7)(HOST=DJANGO)(USER=root)))(ADDRESS=(PROTOCOL=TCP)(HOST=130.147.192.82)(PORT=1522)))

  VERSION INFORMATION:
	TNS for Linux: Version 10.2.0.5.0 - Production
	TCP/IP NT Protocol Adapter for Linux: Version 10.2.0.5.0 - Production
  Time: 08-APR-2015 09:10:25
  Tracing not turned on.
  Tns error struct:
    ns main err code: 12541
    TNS-12541: Message 12541 not found; No message file for product=network, facility=TNS
    ns secondary err code: 12560
    nt main err code: 511
    TNS-00511: Message 511 not found; No message file for product=network, facility=TNS
    nt secondary err code: 111
    nt OS err code: 0


***********************************************************************
Fatal NI connect error 12541, connecting to:
 (DESCRIPTION=(CONNECT_DATA=(SERVICE_NAME=BRAT)(CID=(PROGRAM=python2.7)(HOST=DJANGO)(USER=root)))(ADDRESS=(PROTOCOL=TCP)(HOST=130.147.192.82)(PORT=1522)))

  VERSION INFORMATION:
	TNS for Linux: Version 10.2.0.5.0 - Production
	TCP/IP NT Protocol Adapter for Linux: Version 10.2.0.5.0 - Production
  Time: 08-APR-2015 09:10:45
  Tracing not turned on.
  Tns error struct:
    ns main err code: 12541
    TNS-12541: Message 12541 not found; No message file for product=network, facility=TNS
    ns secondary err code: 12560
    nt main err code: 511
    TNS-00511: Message 511 not found; No message file for product=network, facility=TNS
    nt secondary err code: 111
    nt OS err code: 0


***********************************************************************
Fatal NI connect error 12541, connecting to:
 (DESCRIPTION=(CONNECT_DATA=(SERVICE_NAME=BRAT)(CID=(PROGRAM=python2.7)(HOST=DJANGO)(USER=root)))(ADDRESS=(PROTOCOL=TCP)(HOST=130.147.192.82)(PORT=1522)))

  VERSION INFORMATION:
	TNS for Linux: Version 10.2.0.5.0 - Production
	TCP/IP NT Protocol Adapter for Linux: Version 10.2.0.5.0 - Production
  Time: 08-APR-2015 09:11:19
  Tracing not turned on.
  Tns error struct:
    ns main err code: 12541
    TNS-12541: Message 12541 not found; No message file for product=network, facility=TNS
    ns secondary err code: 12560
    nt main err code: 511
    TNS-00511: Message 511 not found; No message file for product=network, facility=TNS
    nt secondary err code: 111
    nt OS err code: 0


***********************************************************************
Fatal NI connect error 12571, connecting to:
 (DESCRIPTION=(CONNECT_DATA=(SERVICE_NAME=hdbdg)(CID=(PROGRAM=python@DJANGO)(HOST=DJANGO)(USER=root)))(ADDRESS=(PROTOCOL=TCP)(HOST=10.60.1.106)(PORT=1521)))

  VERSION INFORMATION:
	TNS for Linux: Version 10.2.0.5.0 - Production
	TCP/IP NT Protocol Adapter for Linux: Version 10.2.0.5.0 - Production
  Time: 08-JUL-2015 15:29:52
  Tracing not turned on.
  Tns error struct:
    ns main err code: 12571
    TNS-12571: Message 12571 not found; No message file for product=network, facility=TNS
    ns secondary err code: 12560
    nt main err code: 505
    TNS-00505: Message 505 not found; No message file for product=network, facility=TNS
    nt secondary err code: 110
    nt OS err code: 0
