

***********************************************************************
Fatal NI connect error 12541, connecting to:
 (DESCRIPTION=(CONNECT_DATA=(SERVICE_NAME=NQ1)(CID=(PROGRAM=python@DJANGO)(HOST=DJANGO)(USER=root)))(ADDRESS=(PROTOCOL=TCP)(HOST=10.65.14.51)(PORT=1527)))

  VERSION INFORMATION:
	TNS for Linux: Version 10.2.0.5.0 - Production
	TCP/IP NT Protocol Adapter for Linux: Version 10.2.0.5.0 - Production
  Time: 24-NOV-2014 13:57:49
  Tracing not turned on.
  Tns error struct:
    ns main err code: 12541
    TNS-12541: Message 12541 not found; No message file for product=network, facility=TNS
    ns secondary err code: 12560
    nt main err code: 511
    TNS-00511: Message 511 not found; No message file for product=network, facility=TNS
    nt secondary err code: 111
    nt OS err code: 0


***********************************************************************
Fatal NI connect error 12541, connecting to:
 (DESCRIPTION=(CONNECT_DATA=(SERVICE_NAME=NQ1)(CID=(PROGRAM=python@DJANGO)(HOST=DJANGO)(USER=root)))(ADDRESS=(PROTOCOL=TCP)(HOST=10.65.14.51)(PORT=1527)))

  VERSION INFORMATION:
	TNS for Linux: Version 10.2.0.5.0 - Production
	TCP/IP NT Protocol Adapter for Linux: Version 10.2.0.5.0 - Production
  Time: 24-NOV-2014 13:58:33
  Tracing not turned on.
  Tns error struct:
    ns main err code: 12541
    TNS-12541: Message 12541 not found; No message file for product=network, facility=TNS
    ns secondary err code: 12560
    nt main err code: 511
    TNS-00511: Message 511 not found; No message file for product=network, facility=TNS
    nt secondary err code: 111
    nt OS err code: 0


***********************************************************************
Fatal NI connect error 12541, connecting to:
 (DESCRIPTION=(CONNECT_DATA=(SERVICE_NAME=DCTEST)(CID=(PROGRAM=python@DJANGO)(HOST=DJANGO)(USER=root)))(ADDRESS=(PROTOCOL=TCP)(HOST=10.65.1.120)(PORT=1522)))

  VERSION INFORMATION:
	TNS for Linux: Version 10.2.0.5.0 - Production
	TCP/IP NT Protocol Adapter for Linux: Version 10.2.0.5.0 - Production
  Time: 07-APR-2015 14:06:37
  Tracing not turned on.
  Tns error struct:
    ns main err code: 12541
    TNS-12541: Message 12541 not found; No message file for product=network, facility=TNS
    ns secondary err code: 12560
    nt main err code: 511
    TNS-00511: Message 511 not found; No message file for product=network, facility=TNS
    nt secondary err code: 111
    nt OS err code: 0


***********************************************************************
Fatal NI connect error 12541, connecting to:
 (DESCRIPTION=(CONNECT_DATA=(SERVICE_NAME=DCTEST)(CID=(PROGRAM=python@DJANGO)(HOST=DJANGO)(USER=root)))(ADDRESS=(PROTOCOL=TCP)(HOST=10.65.1.120)(PORT=15121)))

  VERSION INFORMATION:
	TNS for Linux: Version 10.2.0.5.0 - Production
	TCP/IP NT Protocol Adapter for Linux: Version 10.2.0.5.0 - Production
  Time: 07-APR-2015 14:10:33
  Tracing not turned on.
  Tns error struct:
    ns main err code: 12541
    TNS-12541: Message 12541 not found; No message file for product=network, facility=TNS
    ns secondary err code: 12560
    nt main err code: 511
    TNS-00511: Message 511 not found; No message file for product=network, facility=TNS
    nt secondary err code: 111
    nt OS err code: 0


***********************************************************************
Fatal NI connect error 12541, connecting to:
 (DESCRIPTION=(CONNECT_DATA=(SERVICE_NAME=DCTEST)(CID=(PROGRAM=python@DJANGO)(HOST=DJANGO)(USER=root)))(ADDRESS=(PROTOCOL=TCP)(HOST=10.65.1.120)(PORT=12521)))

  VERSION INFORMATION:
	TNS for Linux: Version 10.2.0.5.0 - Production
	TCP/IP NT Protocol Adapter for Linux: Version 10.2.0.5.0 - Production
  Time: 07-APR-2015 14:23:26
  Tracing not turned on.
  Tns error struct:
    ns main err code: 12541
    TNS-12541: Message 12541 not found; No message file for product=network, facility=TNS
    ns secondary err code: 12560
    nt main err code: 511
    TNS-00511: Message 511 not found; No message file for product=network, facility=TNS
    nt secondary err code: 111
    nt OS err code: 0


***********************************************************************
Fatal NI connect error 12541, connecting to:
 (DESCRIPTION=(CONNECT_DATA=(SERVICE_NAME=DCTEST)(CID=(PROGRAM=python@DJANGO)(HOST=DJANGO)(USER=root)))(ADDRESS=(PROTOCOL=TCP)(HOST=10.65.1.120)(PORT=12521)))

  VERSION INFORMATION:
	TNS for Linux: Version 10.2.0.5.0 - Production
	TCP/IP NT Protocol Adapter for Linux: Version 10.2.0.5.0 - Production
  Time: 07-APR-2015 14:23:41
  Tracing not turned on.
  Tns error struct:
    ns main err code: 12541
    TNS-12541: Message 12541 not found; No message file for product=network, facility=TNS
    ns secondary err code: 12560
    nt main err code: 511
    TNS-00511: Message 511 not found; No message file for product=network, facility=TNS
    nt secondary err code: 111
    nt OS err code: 0


***********************************************************************
Fatal NI connect error 12541, connecting to:
 (DESCRIPTION=(CONNECT_DATA=(SERVICE_NAME=DCTEST)(CID=(PROGRAM=python@DJANGO)(HOST=DJANGO)(USER=root)))(ADDRESS=(PROTOCOL=TCP)(HOST=10.65.1.120)(PORT=1522)))

  VERSION INFORMATION:
	TNS for Linux: Version 10.2.0.5.0 - Production
	TCP/IP NT Protocol Adapter for Linux: Version 10.2.0.5.0 - Production
  Time: 07-APR-2015 14:25:01
  Tracing not turned on.
  Tns error struct:
    ns main err code: 12541
    TNS-12541: Message 12541 not found; No message file for product=network, facility=TNS
    ns secondary err code: 12560
    nt main err code: 511
    TNS-00511: Message 511 not found; No message file for product=network, facility=TNS
    nt secondary err code: 111
    nt OS err code: 0


***********************************************************************
Fatal NI connect error 12541, connecting to:
 (DESCRIPTION=(CONNECT_DATA=(SERVICE_NAME=DCTEST)(CID=(PROGRAM=python@DJANGO)(HOST=DJANGO)(USER=root)))(ADDRESS=(PROTOCOL=TCP)(HOST=10.65.1.120)(PORT=1522)))

  VERSION INFORMATION:
	TNS for Linux: Version 10.2.0.5.0 - Production
	TCP/IP NT Protocol Adapter for Linux: Version 10.2.0.5.0 - Production
  Time: 07-APR-2015 14:26:23
  Tracing not turned on.
  Tns error struct:
    ns main err code: 12541
    TNS-12541: Message 12541 not found; No message file for product=network, facility=TNS
    ns secondary err code: 12560
    nt main err code: 511
    TNS-00511: Message 511 not found; No message file for product=network, facility=TNS
    nt secondary err code: 111
    nt OS err code: 0


***********************************************************************
Fatal NI connect error 12541, connecting to:
 (DESCRIPTION=(CONNECT_DATA=(SERVICE_NAME=DCTEST)(CID=(PROGRAM=python@DJANGO)(HOST=DJANGO)(USER=root)))(ADDRESS=(PROTOCOL=TCP)(HOST=10.65.1.120)(PORT=1522)))

  VERSION INFORMATION:
	TNS for Linux: Version 10.2.0.5.0 - Production
	TCP/IP NT Protocol Adapter for Linux: Version 10.2.0.5.0 - Production
  Time: 07-APR-2015 14:26:54
  Tracing not turned on.
  Tns error struct:
    ns main err code: 12541
    TNS-12541: Message 12541 not found; No message file for product=network, facility=TNS
    ns secondary err code: 12560
    nt main err code: 511
    TNS-00511: Message 511 not found; No message file for product=network, facility=TNS
    nt secondary err code: 111
    nt OS err code: 0


***********************************************************************
Fatal NI connect error 12541, connecting to:
 (DESCRIPTION=(CONNECT_DATA=(SERVICE_NAME=DCTEST)(CID=(PROGRAM=python@DJANGO)(HOST=DJANGO)(USER=root)))(ADDRESS=(PROTOCOL=TCP)(HOST=10.65.1.120)(PORT=1522)))

  VERSION INFORMATION:
	TNS for Linux: Version 10.2.0.5.0 - Production
	TCP/IP NT Protocol Adapter for Linux: Version 10.2.0.5.0 - Production
  Time: 07-APR-2015 14:27:21
  Tracing not turned on.
  Tns error struct:
    ns main err code: 12541
    TNS-12541: Message 12541 not found; No message file for product=network, facility=TNS
    ns secondary err code: 12560
    nt main err code: 511
    TNS-00511: Message 511 not found; No message file for product=network, facility=TNS
    nt secondary err code: 111
    nt OS err code: 0


***********************************************************************
Fatal NI connect error 12541, connecting to:
 (DESCRIPTION=(CONNECT_DATA=(SERVICE_NAME=DCTEST)(CID=(PROGRAM=python@DJANGO)(HOST=DJANGO)(USER=root)))(ADDRESS=(PROTOCOL=TCP)(HOST=10.65.1.120)(PORT=1522)))

  VERSION INFORMATION:
	TNS for Linux: Version 10.2.0.5.0 - Production
	TCP/IP NT Protocol Adapter for Linux: Version 10.2.0.5.0 - Production
  Time: 07-APR-2015 14:27:51
  Tracing not turned on.
  Tns error struct:
    ns main err code: 12541
    TNS-12541: Message 12541 not found; No message file for product=network, facility=TNS
    ns secondary err code: 12560
    nt main err code: 511
    TNS-00511: Message 511 not found; No message file for product=network, facility=TNS
    nt secondary err code: 111
    nt OS err code: 0


***********************************************************************
Fatal NI connect error 12541, connecting to:
 (DESCRIPTION=(CONNECT_DATA=(SERVICE_NAME=DCTEST)(CID=(PROGRAM=python@DJANGO)(HOST=DJANGO)(USER=root)))(ADDRESS=(PROTOCOL=TCP)(HOST=10.65.1.120)(PORT=1522)))

  VERSION INFORMATION:
	TNS for Linux: Version 10.2.0.5.0 - Production
	TCP/IP NT Protocol Adapter for Linux: Version 10.2.0.5.0 - Production
  Time: 07-APR-2015 14:28:14
  Tracing not turned on.
  Tns error struct:
    ns main err code: 12541
    TNS-12541: Message 12541 not found; No message file for product=network, facility=TNS
    ns secondary err code: 12560
    nt main err code: 511
    TNS-00511: Message 511 not found; No message file for product=network, facility=TNS
    nt secondary err code: 111
    nt OS err code: 0


***********************************************************************
Fatal NI connect error 12541, connecting to:
 (DESCRIPTION=(CONNECT_DATA=(SERVICE_NAME=DCTEST)(CID=(PROGRAM=python@DJANGO)(HOST=DJANGO)(USER=root)))(ADDRESS=(PROTOCOL=TCP)(HOST=10.65.1.120)(PORT=1522)))

  VERSION INFORMATION:
	TNS for Linux: Version 10.2.0.5.0 - Production
	TCP/IP NT Protocol Adapter for Linux: Version 10.2.0.5.0 - Production
  Time: 07-APR-2015 14:28:40
  Tracing not turned on.
  Tns error struct:
    ns main err code: 12541
    TNS-12541: Message 12541 not found; No message file for product=network, facility=TNS
    ns secondary err code: 12560
    nt main err code: 511
    TNS-00511: Message 511 not found; No message file for product=network, facility=TNS
    nt secondary err code: 111
    nt OS err code: 0


***********************************************************************
Fatal NI connect error 12541, connecting to:
 (DESCRIPTION=(CONNECT_DATA=(SERVICE_NAME=DCTEST)(CID=(PROGRAM=python@DJANGO)(HOST=DJANGO)(USER=root)))(ADDRESS=(PROTOCOL=TCP)(HOST=10.65.1.120)(PORT=1522)))

  VERSION INFORMATION:
	TNS for Linux: Version 10.2.0.5.0 - Production
	TCP/IP NT Protocol Adapter for Linux: Version 10.2.0.5.0 - Production
  Time: 07-APR-2015 14:29:00
  Tracing not turned on.
  Tns error struct:
    ns main err code: 12541
    TNS-12541: Message 12541 not found; No message file for product=network, facility=TNS
    ns secondary err code: 12560
    nt main err code: 511
    TNS-00511: Message 511 not found; No message file for product=network, facility=TNS
    nt secondary err code: 111
    nt OS err code: 0


***********************************************************************
Fatal NI connect error 12541, connecting to:
 (DESCRIPTION=(CONNECT_DATA=(SERVICE_NAME=DCTEST)(CID=(PROGRAM=python@DJANGO)(HOST=DJANGO)(USER=root)))(ADDRESS=(PROTOCOL=TCP)(HOST=10.65.1.120)(PORT=1522)))

  VERSION INFORMATION:
	TNS for Linux: Version 10.2.0.5.0 - Production
	TCP/IP NT Protocol Adapter for Linux: Version 10.2.0.5.0 - Production
  Time: 07-APR-2015 14:29:32
  Tracing not turned on.
  Tns error struct:
    ns main err code: 12541
    TNS-12541: Message 12541 not found; No message file for product=network, facility=TNS
    ns secondary err code: 12560
    nt main err code: 511
    TNS-00511: Message 511 not found; No message file for product=network, facility=TNS
    nt secondary err code: 111
    nt OS err code: 0


***********************************************************************
Fatal NI connect error 12541, connecting to:
 (DESCRIPTION=(CONNECT_DATA=(SERVICE_NAME=DCTEST)(CID=(PROGRAM=python@DJANGO)(HOST=DJANGO)(USER=root)))(ADDRESS=(PROTOCOL=TCP)(HOST=10.65.1.120)(PORT=1522)))

  VERSION INFORMATION:
	TNS for Linux: Version 10.2.0.5.0 - Production
	TCP/IP NT Protocol Adapter for Linux: Version 10.2.0.5.0 - Production
  Time: 07-APR-2015 14:29:44
  Tracing not turned on.
  Tns error struct:
    ns main err code: 12541
    TNS-12541: Message 12541 not found; No message file for product=network, facility=TNS
    ns secondary err code: 12560
    nt main err code: 511
    TNS-00511: Message 511 not found; No message file for product=network, facility=TNS
    nt secondary err code: 111
    nt OS err code: 0


***********************************************************************
Fatal NI connect error 12541, connecting to:
 (DESCRIPTION=(CONNECT_DATA=(SERVICE_NAME=DCTEST)(CID=(PROGRAM=python@DJANGO)(HOST=DJANGO)(USER=root)))(ADDRESS=(PROTOCOL=TCP)(HOST=10.65.1.120)(PORT=1522)))

  VERSION INFORMATION:
	TNS for Linux: Version 10.2.0.5.0 - Production
	TCP/IP NT Protocol Adapter for Linux: Version 10.2.0.5.0 - Production
  Time: 07-APR-2015 14:30:02
  Tracing not turned on.
  Tns error struct:
    ns main err code: 12541
    TNS-12541: Message 12541 not found; No message file for product=network, facility=TNS
    ns secondary err code: 12560
    nt main err code: 511
    TNS-00511: Message 511 not found; No message file for product=network, facility=TNS
    nt secondary err code: 111
    nt OS err code: 0


***********************************************************************
Fatal NI connect error 12541, connecting to:
 (DESCRIPTION=(CONNECT_DATA=(SERVICE_NAME=DCTEST)(CID=(PROGRAM=python@DJANGO)(HOST=DJANGO)(USER=root)))(ADDRESS=(PROTOCOL=TCP)(HOST=10.65.1.120)(PORT=1522)))

  VERSION INFORMATION:
	TNS for Linux: Version 10.2.0.5.0 - Production
	TCP/IP NT Protocol Adapter for Linux: Version 10.2.0.5.0 - Production
  Time: 07-APR-2015 14:31:28
  Tracing not turned on.
  Tns error struct:
    ns main err code: 12541
    TNS-12541: Message 12541 not found; No message file for product=network, facility=TNS
    ns secondary err code: 12560
    nt main err code: 511
    TNS-00511: Message 511 not found; No message file for product=network, facility=TNS
    nt secondary err code: 111
    nt OS err code: 0


***********************************************************************
Fatal NI connect error 12541, connecting to:
 (DESCRIPTION=(CONNECT_DATA=(SERVICE_NAME=DCTEST)(CID=(PROGRAM=python@DJANGO)(HOST=DJANGO)(USER=root)))(ADDRESS=(PROTOCOL=TCP)(HOST=10.65.1.120)(PORT=1522)))

  VERSION INFORMATION:
	TNS for Linux: Version 10.2.0.5.0 - Production
	TCP/IP NT Protocol Adapter for Linux: Version 10.2.0.5.0 - Production
  Time: 27-APR-2015 10:36:08
  Tracing not turned on.
  Tns error struct:
    ns main err code: 12541
    TNS-12541: Message 12541 not found; No message file for product=network, facility=TNS
    ns secondary err code: 12560
    nt main err code: 511
    TNS-00511: Message 511 not found; No message file for product=network, facility=TNS
    nt secondary err code: 111
    nt OS err code: 0


***********************************************************************
Fatal NI connect error 12514, connecting to:
 (DESCRIPTION=(CONNECT_DATA=(SERVICE_NAME=ASEN)(CID=(PROGRAM=python@DJANGO)(HOST=DJANGO)(USER=root)))(ADDRESS=(PROTOCOL=TCP)(HOST=10.60.14.70)(PORT=1527)))

  VERSION INFORMATION:
	TNS for Linux: Version 10.2.0.5.0 - Production
	TCP/IP NT Protocol Adapter for Linux: Version 10.2.0.5.0 - Production
  Time: 27-APR-2015 10:37:43
  Tracing not turned on.
  Tns error struct:
    ns main err code: 12564
    TNS-12564: Message 12564 not found; No message file for product=network, facility=TNS
    ns secondary err code: 0
    nt main err code: 0
    nt secondary err code: 0
    nt OS err code: 0


***********************************************************************
Fatal NI connect error 12541, connecting to:
 (DESCRIPTION=(CONNECT_DATA=(SERVICE_NAME=np1)(CID=(PROGRAM=python@DJANGO)(HOST=DJANGO)(USER=root)))(ADDRESS=(PROTOCOL=TCP)(HOST=10.60.14.60)(PORT=1521)))

  VERSION INFORMATION:
	TNS for Linux: Version 10.2.0.5.0 - Production
	TCP/IP NT Protocol Adapter for Linux: Version 10.2.0.5.0 - Production
  Time: 13-JUL-2015 17:47:45
  Tracing not turned on.
  Tns error struct:
    ns main err code: 12541
    TNS-12541: Message 12541 not found; No message file for product=network, facility=TNS
    ns secondary err code: 12560
    nt main err code: 511
    TNS-00511: Message 511 not found; No message file for product=network, facility=TNS
    nt secondary err code: 111
    nt OS err code: 0


***********************************************************************
Fatal NI connect error 12541, connecting to:
 (DESCRIPTION=(CONNECT_DATA=(SERVICE_NAME=np1)(CID=(PROGRAM=python@DJANGO)(HOST=DJANGO)(USER=root)))(ADDRESS=(PROTOCOL=TCP)(HOST=10.60.14.60)(PORT=1527)))

  VERSION INFORMATION:
	TNS for Linux: Version 10.2.0.5.0 - Production
	TCP/IP NT Protocol Adapter for Linux: Version 10.2.0.5.0 - Production
  Time: 13-JUL-2015 17:48:04
  Tracing not turned on.
  Tns error struct:
    ns main err code: 12541
    TNS-12541: Message 12541 not found; No message file for product=network, facility=TNS
    ns secondary err code: 12560
    nt main err code: 511
    TNS-00511: Message 511 not found; No message file for product=network, facility=TNS
    nt secondary err code: 111
    nt OS err code: 0


***********************************************************************
Fatal NI connect error 12541, connecting to:
 (DESCRIPTION=(CONNECT_DATA=(SERVICE_NAME=NP1)(CID=(PROGRAM=python@DJANGO)(HOST=DJANGO)(USER=root)))(ADDRESS=(PROTOCOL=TCP)(HOST=10.60.14.60)(PORT=1527)))

  VERSION INFORMATION:
	TNS for Linux: Version 10.2.0.5.0 - Production
	TCP/IP NT Protocol Adapter for Linux: Version 10.2.0.5.0 - Production
  Time: 13-JUL-2015 17:48:38
  Tracing not turned on.
  Tns error struct:
    ns main err code: 12541
    TNS-12541: Message 12541 not found; No message file for product=network, facility=TNS
    ns secondary err code: 12560
    nt main err code: 511
    TNS-00511: Message 511 not found; No message file for product=network, facility=TNS
    nt secondary err code: 111
    nt OS err code: 0


***********************************************************************
Fatal NI connect error 12541, connecting to:
 (DESCRIPTION=(CONNECT_DATA=(SERVICE_NAME=dcprod)(CID=(PROGRAM=python@DJANGO)(HOST=DJANGO)(USER=root)))(ADDRESS=(PROTOCOL=TCP)(HOST=10.65.1.117)(PORT=1521)))

  VERSION INFORMATION:
	TNS for Linux: Version 10.2.0.5.0 - Production
	TCP/IP NT Protocol Adapter for Linux: Version 10.2.0.5.0 - Production
  Time: 10-OCT-2015 13:05:51
  Tracing not turned on.
  Tns error struct:
    ns main err code: 12541
    TNS-12541: Message 12541 not found; No message file for product=network, facility=TNS
    ns secondary err code: 12560
    nt main err code: 511
    TNS-00511: Message 511 not found; No message file for product=network, facility=TNS
    nt secondary err code: 111
    nt OS err code: 0
